[06/12/2019 11:45:34:830] [INFO] > Logger logcat configured.
[06/12/2019 11:45:34:847] [INFO] > Muted.__init__(<__main__.Muted object at 0x106b22390>)
[06/12/2019 11:45:34:847] [INFO] > Handler.__init__(<__main__.Muted object at 0x106b22390>)
[06/12/2019 11:45:34:847] [INFO] > Muted.start(<__main__.Muted object at 0x106b22390>)
[06/12/2019 11:45:34:847] [INFO] > NetIO.__init__(<system.net_io.NetIO object at 0x106b223c8>, <socket.socket fd=4, family=AddressFamily.AF_INET, type=SocketKind.SOCK_STREAM, proto=0, laddr=('0.0.0.0', 0)>)
[06/12/2019 11:45:34:847] [INFO] > Servant.__init__(<system.servant.Servant object at 0x106d78c50>)
[06/12/2019 11:45:34:847] [INFO] > Handler.__init__(<system.servant.Servant object at 0x106d78c50>)
[06/12/2019 11:45:34:847] [INFO] > Handler.on(<system.servant.Servant object at 0x106d78c50>, 'text', <bound method LogCat.log_func.<locals>.wrapped_func of <system.servant.Servant object at 0x106d78c50>>)
[06/12/2019 11:45:34:847] [INFO] > CmdEcho.__init__(<system.cmd_echo.CmdEcho object at 0x106d86208>, <system.servant.Servant object at 0x106d78c50>)
[06/12/2019 11:45:34:847] [INFO] > Handler.on(<system.servant.Servant object at 0x106d78c50>, 'echo', <bound method LogCat.log_func.<locals>.wrapped_func of <system.cmd_echo.CmdEcho object at 0x106d86208>>)
[06/12/2019 11:45:34:847] [INFO] > CmdLook.__init__(<system.cmd_look.CmdLook object at 0x106d86710>, <system.servant.Servant object at 0x106d78c50>)
[06/12/2019 11:45:34:847] [INFO] > Handler.on(<system.servant.Servant object at 0x106d78c50>, 'look', <bound method LogCat.log_func.<locals>.wrapped_func of <system.cmd_look.CmdLook object at 0x106d86710>>)
[06/12/2019 11:45:34:847] [INFO] > Handler.on(<system.servant.Servant object at 0x106d78c50>, 'l', <bound method LogCat.log_func.<locals>.wrapped_func of <system.cmd_look.CmdLook object at 0x106d86710>>)
[06/12/2019 11:45:34:848] [INFO] > CmdSay.__init__(<system.cmd_say.CmdSay object at 0x106d861d0>, <system.servant.Servant object at 0x106d78c50>)
[06/12/2019 11:45:34:848] [INFO] > Handler.on(<system.servant.Servant object at 0x106d78c50>, 'say', <bound method LogCat.log_func.<locals>.wrapped_func of <system.cmd_say.CmdSay object at 0x106d861d0>>)
[06/12/2019 11:45:34:848] [INFO] > CmdTime.__init__(<system.cmd_time.CmdTime object at 0x106d31048>, <system.servant.Servant object at 0x106d78c50>)
[06/12/2019 11:45:34:848] [INFO] > Handler.on(<system.servant.Servant object at 0x106d78c50>, 'time', <bound method LogCat.log_func.<locals>.wrapped_func of <system.cmd_time.CmdTime object at 0x106d31048>>)
[06/12/2019 11:45:34:848] [INFO] > CmdLogout.__init__(<system.cmd_logout.CmdLogout object at 0x106d9c438>, <system.servant.Servant object at 0x106d78c50>)
[06/12/2019 11:45:34:848] [INFO] > Handler.on(<system.servant.Servant object at 0x106d78c50>, 'logout', <bound method LogCat.log_func.<locals>.wrapped_func of <system.cmd_logout.CmdLogout object at 0x106d9c438>>)
[06/12/2019 11:45:34:848] [INFO] > SignIn.__init__(<system.sign_in.SignIn object at 0x106d9ca58>, <system.servant.Servant object at 0x106d78c50>)
[06/12/2019 11:45:34:848] [INFO] > Handler.on(<system.servant.Servant object at 0x106d78c50>, 'sign_in', <bound method LogCat.log_func.<locals>.wrapped_func of <system.sign_in.SignIn object at 0x106d9ca58>>)
[06/12/2019 11:45:34:848] [INFO] > Handler.on(<system.servant.Servant object at 0x106d78c50>, 'reception', <bound method LogCat.log_func.<locals>.wrapped_func of <system.sign_in.SignIn object at 0x106d9ca58>>)
[06/12/2019 11:46:02:131] [INFO] > SignIn._on_reception(<system.sign_in.SignIn object at 0x106d9ca58>, {"type": "reception", "kwargs": ["entity='37f5cf479138498aafccc64d62dcdfe2'"]}, entity='37f5cf479138498aafccc64d62dcdfe2')
[06/12/2019 11:46:02:131] [INFO] > OutStream.__init__(<message.out_stream.OutStream object at 0x106ddf390>)
[06/12/2019 11:46:09:24] [INFO] > InStream.__init__(<message.in_stream.InStream object at 0x106ddf438>)
[06/12/2019 11:46:09:25] [INFO] > SignIn._on_sign_in(<system.sign_in.SignIn object at 0x106d9ca58>, {"type": "sign_in", "kwargs": ["entity='37f5cf479138498aafccc64d62dcdfe2'", "user_id='f'", "passwd='f'"]}, entity='37f5cf479138498aafccc64d62dcdfe2', user_id='f', passwd='f')
[06/12/2019 11:46:09:25] [INFO] > Role.__init__(<component.role.Role object at 0x106ddf320>, name='f')
[06/12/2019 11:46:09:25] [INFO] > Name.__init__(<component.name.Name object at 0x106ddf550>, name='f')
[06/12/2019 11:46:09:25] [INFO] > Room.__init__(<component.room.Room object at 0x106ddf5c0>)
[06/12/2019 11:46:09:25] [INFO] > Room.enter(<component.room.Room object at 0x106ddf5c0>, '37f5cf479138498aafccc64d62dcdfe2')
[06/12/2019 11:46:09:25] [INFO] > CmdLook._on_cmd_look(<system.cmd_look.CmdLook object at 0x106d86710>, {"type": "look", "kwargs": ["entity='37f5cf479138498aafccc64d62dcdfe2'"]}, entity='37f5cf479138498aafccc64d62dcdfe2')
[06/12/2019 11:46:09:25] [INFO] > Role.__init__(<component.role.Role object at 0x106ddf240>)
[06/12/2019 11:46:09:25] [INFO] > Name.__init__(<component.name.Name object at 0x106ddf4a8>)
[06/12/2019 11:46:09:25] [INFO] > Description.__init__(<component.description.Description object at 0x106ddf6a0>)
[06/12/2019 11:46:13:584] [INFO] > Servant._on_text(<system.servant.Servant object at 0x106d78c50>, {"type": "text", "kwargs": ["entity='37f5cf479138498aafccc64d62dcdfe2'", "who='f'", "text='tie\\x7fm\\x7f\\x7f'"]}, entity='37f5cf479138498aafccc64d62dcdfe2', who='f', text='tie\x7fm\x7f\x7f')
[06/12/2019 11:46:13:584] [INFO] > Servant._on_any(<system.servant.Servant object at 0x106d78c50>, {"type": "tie\u007fm\u007f\u007f", "kwargs": ["entity='37f5cf479138498aafccc64d62dcdfe2'", "args=[]"]}, entity='37f5cf479138498aafccc64d62dcdfe2', args=[])
[06/12/2019 11:46:14:713] [INFO] > Servant._on_text(<system.servant.Servant object at 0x106d78c50>, {"type": "text", "kwargs": ["entity='37f5cf479138498aafccc64d62dcdfe2'", "who='f'", "text='time'"]}, entity='37f5cf479138498aafccc64d62dcdfe2', who='f', text='time')
[06/12/2019 11:46:14:713] [INFO] > CmdTime._on_cmd_time(<system.cmd_time.CmdTime object at 0x106d31048>, {"type": "time", "kwargs": ["entity='37f5cf479138498aafccc64d62dcdfe2'", "args=[]"]}, entity='37f5cf479138498aafccc64d62dcdfe2', args=[])
[06/12/2019 11:46:26:925] [INFO] > Servant._on_text(<system.servant.Servant object at 0x106d78c50>, {"type": "text", "kwargs": ["entity='37f5cf479138498aafccc64d62dcdfe2'", "who='f'", "text='time'"]}, entity='37f5cf479138498aafccc64d62dcdfe2', who='f', text='time')
[06/12/2019 11:46:26:925] [INFO] > CmdTime._on_cmd_time(<system.cmd_time.CmdTime object at 0x106d31048>, {"type": "time", "kwargs": ["entity='37f5cf479138498aafccc64d62dcdfe2'", "args=[]"]}, entity='37f5cf479138498aafccc64d62dcdfe2', args=[])
